<?xml version="1.0" encoding="UTF-8"?>
<testng-results ignored="0" total="3" passed="3" failed="0" skipped="0">
  <reporter-output>
  </reporter-output>
  <suite started-at="2024-09-10T18:22:27 IST" name="Default suite" finished-at="2024-09-10T18:22:37 IST" duration-ms="9872">
    <groups>
    </groups>
    <test started-at="2024-09-10T18:22:27 IST" name="Default test" finished-at="2024-09-10T18:22:37 IST" duration-ms="9872">
      <class name="sample.Product.BrandsList">
        <test-method is-config="true" signature="setUpSuite()[pri:0, instance:sample.Product.BrandsList@5dafbe45]" started-at="2024-09-10T18:22:27 IST" name="setUpSuite" finished-at="2024-09-10T18:22:27 IST" duration-ms="195" status="PASS">
          <reporter-output>
          </reporter-output>
        </test-method> <!-- setUpSuite -->
        <test-method is-config="true" signature="setUp(org.testng.ITestResult)[pri:0, instance:sample.Product.BrandsList@5dafbe45]" started-at="2024-09-10T18:22:27 IST" name="setUp" finished-at="2024-09-10T18:22:28 IST" duration-ms="674" status="PASS">
          <params>
            <param index="0">
              <value>
                <![CDATA[[TestResult name={null} status=CREATED method=BrandsList.testGetAllBrandsListSuccess()[pri:0, instance:sample.Product.BrandsList@5dafbe45] output={null}]]]>
              </value>
            </param>
          </params>
          <reporter-output>
          </reporter-output>
        </test-method> <!-- setUp -->
        <test-method signature="testGetAllBrandsListSuccess()[pri:0, instance:sample.Product.BrandsList@5dafbe45]" started-at="2024-09-10T18:22:28 IST" name="testGetAllBrandsListSuccess" finished-at="2024-09-10T18:22:33 IST" duration-ms="5136" status="PASS">
          <reporter-output>
          </reporter-output>
        </test-method> <!-- testGetAllBrandsListSuccess -->
        <test-method is-config="true" signature="tearDown(org.testng.ITestResult)[pri:0, instance:sample.Product.BrandsList@5dafbe45]" started-at="2024-09-10T18:22:33 IST" name="tearDown" finished-at="2024-09-10T18:22:33 IST" duration-ms="550" status="PASS">
          <params>
            <param index="0">
              <value>
                <![CDATA[[TestResult name=testGetAllBrandsListSuccess status=SUCCESS method=BrandsList.testGetAllBrandsListSuccess()[pri:0, instance:sample.Product.BrandsList@5dafbe45] output={null}]]]>
              </value>
            </param>
          </params>
          <reporter-output>
          </reporter-output>
        </test-method> <!-- tearDown -->
        <test-method is-config="true" signature="setUp(org.testng.ITestResult)[pri:0, instance:sample.Product.BrandsList@5dafbe45]" started-at="2024-09-10T18:22:33 IST" name="setUp" finished-at="2024-09-10T18:22:33 IST" duration-ms="4" status="PASS">
          <params>
            <param index="0">
              <value>
                <![CDATA[[TestResult name={null} status=CREATED method=BrandsList.testInvalidEndpoint()[pri:0, instance:sample.Product.BrandsList@5dafbe45] output={null}]]]>
              </value>
            </param>
          </params>
          <reporter-output>
          </reporter-output>
        </test-method> <!-- setUp -->
        <test-method signature="testInvalidEndpoint()[pri:0, instance:sample.Product.BrandsList@5dafbe45]" started-at="2024-09-10T18:22:33 IST" name="testInvalidEndpoint" finished-at="2024-09-10T18:22:35 IST" duration-ms="1366" status="PASS">
          <reporter-output>
          </reporter-output>
        </test-method> <!-- testInvalidEndpoint -->
        <test-method is-config="true" signature="tearDown(org.testng.ITestResult)[pri:0, instance:sample.Product.BrandsList@5dafbe45]" started-at="2024-09-10T18:22:35 IST" name="tearDown" finished-at="2024-09-10T18:22:35 IST" duration-ms="22" status="PASS">
          <params>
            <param index="0">
              <value>
                <![CDATA[[TestResult name=testInvalidEndpoint status=SUCCESS method=BrandsList.testInvalidEndpoint()[pri:0, instance:sample.Product.BrandsList@5dafbe45] output={null}]]]>
              </value>
            </param>
          </params>
          <reporter-output>
          </reporter-output>
        </test-method> <!-- tearDown -->
        <test-method is-config="true" signature="setUp(org.testng.ITestResult)[pri:0, instance:sample.Product.BrandsList@5dafbe45]" started-at="2024-09-10T18:22:35 IST" name="setUp" finished-at="2024-09-10T18:22:35 IST" duration-ms="2" status="PASS">
          <params>
            <param index="0">
              <value>
                <![CDATA[[TestResult name={null} status=CREATED method=BrandsList.testUnsupportedMethod()[pri:0, instance:sample.Product.BrandsList@5dafbe45] output={null}]]]>
              </value>
            </param>
          </params>
          <reporter-output>
          </reporter-output>
        </test-method> <!-- setUp -->
        <test-method signature="testUnsupportedMethod()[pri:0, instance:sample.Product.BrandsList@5dafbe45]" started-at="2024-09-10T18:22:35 IST" name="testUnsupportedMethod" finished-at="2024-09-10T18:22:37 IST" duration-ms="1993" status="PASS">
          <reporter-output>
          </reporter-output>
        </test-method> <!-- testUnsupportedMethod -->
        <test-method is-config="true" signature="tearDown(org.testng.ITestResult)[pri:0, instance:sample.Product.BrandsList@5dafbe45]" started-at="2024-09-10T18:22:37 IST" name="tearDown" finished-at="2024-09-10T18:22:37 IST" duration-ms="25" status="PASS">
          <params>
            <param index="0">
              <value>
                <![CDATA[[TestResult name=testUnsupportedMethod status=SUCCESS method=BrandsList.testUnsupportedMethod()[pri:0, instance:sample.Product.BrandsList@5dafbe45] output={null}]]]>
              </value>
            </param>
          </params>
          <reporter-output>
          </reporter-output>
        </test-method> <!-- tearDown -->
        <test-method is-config="true" signature="tearDownSuite()[pri:0, instance:sample.Product.BrandsList@5dafbe45]" started-at="2024-09-10T18:22:37 IST" name="tearDownSuite" finished-at="2024-09-10T18:22:37 IST" duration-ms="31" status="PASS">
          <reporter-output>
          </reporter-output>
        </test-method> <!-- tearDownSuite -->
      </class> <!-- sample.Product.BrandsList -->
    </test> <!-- Default test -->
  </suite> <!-- Default suite -->
</testng-results>
